C:\Users\cetc11\Desktop\IRTagetRecSys20200502\IRTagetRecSys\x64\Release\cl.command.1.tlog
C:\Users\cetc11\Desktop\IRTagetRecSys20200502\IRTagetRecSys\x64\Release\CL.read.1.tlog
C:\Users\cetc11\Desktop\IRTagetRecSys20200502\IRTagetRecSys\x64\Release\CL.write.1.tlog
C:\USERS\CETC11\DESKTOP\IRTAGETRECSYS20200502\IRTAGETRECSYS\X64\RELEASE\DIB.OBJ
C:\USERS\CETC11\DESKTOP\IRTAGETRECSYS20200502\IRTAGETRECSYS\X64\RELEASE\HARDWARELINK.OBJ
C:\USERS\CETC11\DESKTOP\IRTAGETRECSYS20200502\IRTAGETRECSYS\X64\RELEASE\IRCONTROLDLG.OBJ
C:\USERS\CETC11\DESKTOP\IRTAGETRECSYS20200502\IRTAGETRECSYS\X64\RELEASE\IRDEBUGDLG.OBJ
C:\USERS\CETC11\DESKTOP\IRTAGETRECSYS20200502\IRTAGETRECSYS\X64\RELEASE\IRTAGETRECSYS.EXE.INTERMEDIATE.MANIFEST
C:\USERS\CETC11\DESKTOP\IRTAGETRECSYS20200502\IRTAGETRECSYS\X64\RELEASE\IRTAGETRECSYS.OBJ
C:\USERS\CETC11\DESKTOP\IRTAGETRECSYS20200502\IRTAGETRECSYS\X64\RELEASE\IRTAGETRECSYS.RES
C:\USERS\CETC11\DESKTOP\IRTAGETRECSYS20200502\IRTAGETRECSYS\X64\RELEASE\IRTAGETRECSYSDOC.OBJ
C:\USERS\CETC11\DESKTOP\IRTAGETRECSYS20200502\IRTAGETRECSYS\X64\RELEASE\IRTAGETRECSYSVIEW.OBJ
C:\Users\cetc11\Desktop\IRTagetRecSys20200502\IRTagetRecSys\x64\Release\link.command.1.tlog
C:\Users\cetc11\Desktop\IRTagetRecSys20200502\IRTagetRecSys\x64\Release\link.read.1.tlog
C:\Users\cetc11\Desktop\IRTagetRecSys20200502\IRTagetRecSys\x64\Release\link.write.1.tlog
C:\Users\cetc11\Desktop\IRTagetRecSys20200502\IRTagetRecSys\x64\Release\link-cvtres.read.1.tlog
C:\Users\cetc11\Desktop\IRTagetRecSys20200502\IRTagetRecSys\x64\Release\link-cvtres.write.1.tlog
C:\USERS\CETC11\DESKTOP\IRTAGETRECSYS20200502\IRTAGETRECSYS\X64\RELEASE\MAINFRM.OBJ
C:\Users\cetc11\Desktop\IRTagetRecSys20200502\IRTagetRecSys\x64\Release\mt.command.1.tlog
C:\Users\cetc11\Desktop\IRTagetRecSys20200502\IRTagetRecSys\x64\Release\mt.read.1.tlog
C:\Users\cetc11\Desktop\IRTagetRecSys20200502\IRTagetRecSys\x64\Release\mt.write.1.tlog
C:\USERS\CETC11\DESKTOP\IRTAGETRECSYS20200502\IRTAGETRECSYS\X64\RELEASE\PANORAMAWND.OBJ
C:\Users\cetc11\Desktop\IRTagetRecSys20200502\IRTagetRecSys\x64\Release\rc.command.1.tlog
C:\Users\cetc11\Desktop\IRTagetRecSys20200502\IRTagetRecSys\x64\Release\rc.read.1.tlog
C:\Users\cetc11\Desktop\IRTagetRecSys20200502\IRTagetRecSys\x64\Release\rc.write.1.tlog
C:\USERS\CETC11\DESKTOP\IRTAGETRECSYS20200502\IRTAGETRECSYS\X64\RELEASE\SEARCHCTRLDLG.OBJ
C:\USERS\CETC11\DESKTOP\IRTAGETRECSYS20200502\IRTAGETRECSYS\X64\RELEASE\SEARCHORIGINWND.OBJ
C:\USERS\CETC11\DESKTOP\IRTAGETRECSYS20200502\IRTAGETRECSYS\X64\RELEASE\SEARCHPROCESSWND.OBJ
C:\USERS\CETC11\DESKTOP\IRTAGETRECSYS20200502\IRTAGETRECSYS\X64\RELEASE\STDAFX.OBJ
C:\USERS\CETC11\DESKTOP\IRTAGETRECSYS20200502\IRTAGETRECSYS\X64\RELEASE\TRACKORIGINWND.OBJ
C:\USERS\CETC11\DESKTOP\IRTAGETRECSYS20200502\IRTAGETRECSYS\X64\RELEASE\TRACKPROCESSWND.OBJ
C:\USERS\CETC11\DESKTOP\IRTAGETRECSYS20200502\IRTAGETRECSYS\X64\RELEASE\VC100.PDB
C:\USERS\CETC11\DESKTOP\IRTAGETRECSYS20200502\X64\RELEASE\IRTAGETRECSYS.EXE
