生成启动时间为 2020/11/11 15:05:04。
     1>项目“C:\Users\aaa\Desktop\IRTagetRecSys20201106_final\IRTagetRecSys\IRTagetRecSys.vcxproj”在节点 2 上(build 个目标)。
     1>InitializeBuildStatus:
         正在对“x64\Release\IRTagetRecSys.unsuccessfulbuild”执行 Touch 任务。
       ClCompile:
         C:\Program Files (x86)\Microsoft Visual Studio 10.0\VC\bin\x86_amd64\CL.exe /c /I"C:\Program Files\Teledyne DALSA\Sapera\Include" /I"C:\Program Files\Teledyne DALSA\Sapera\Classes\Gui" /I"C:\Program Files\Teledyne DALSA\Sapera\Classes\Basic" /Zi /nologo /W1 /WX- /O2 /D _AFXDLL /Gm- /EHsc /MDd /GS /fp:precise /Zc:wchar_t /Zc:forScope /Fo"x64\Release\\" /Fd"x64\Release\vc100.pdb" /Gd /TP /errorReport:prompt IRTagetRecSysView.cpp
         IRTagetRecSysView.cpp
       ResourceCompile:
         所有输出均为最新。
       Link:
         C:\Program Files (x86)\Microsoft Visual Studio 10.0\VC\bin\x86_amd64\link.exe /ERRORREPORT:PROMPT /OUT:"C:\Users\aaa\Desktop\IRTagetRecSys20201106_final\x64\Release\IRTargetRecSys.exe" /NOLOGO /LIBPATH:"C:\Program Files\Teledyne DALSA\Sapera\Lib\Win64" /LIBPATH:"C:\Program Files\Teledyne DALSA\Sapera\Lib\Win64\VS2010" opencv_objdetect249.lib opencv_ts249.lib opencv_video249.lib opencv_nonfree249.lib opencv_ocl249.lib opencv_photo249.lib opencv_stitching249.lib opencv_superres249.lib opencv_videostab249.lib opencv_calib3d249.lib opencv_contrib249.lib opencv_core249.lib opencv_features2d249.lib opencv_flann249.lib opencv_gpu249.lib opencv_highgui249.lib opencv_imgproc249.lib opencv_legacy249.lib opencv_ml249.lib /MANIFEST /ManifestFile:"x64\Release\IRTargetRecSys.exe.intermediate.manifest" /MANIFESTUAC:"level='asInvoker' uiAccess='false'" /PDB:"C:\Users\aaa\Desktop\IRTagetRecSys20201106_final\x64\Release\IRTargetRecSys.pdb" /SUBSYSTEM:WINDOWS /TLBID:1 /DYNAMICBASE /NXCOMPAT /IMPLIB:"C:\Users\aaa\Desktop\IRTagetRecSys20201106_final\x64\Release\IRTargetRecSys.lib" /MACHINE:X64 x64\Release\IRTagetRecSys.res
         x64\Release\DetectTrack.obj
         x64\Release\Dib.obj
         x64\Release\IRTagetRecSys.obj
         x64\Release\IRTagetRecSysDoc.obj
         x64\Release\IRTagetRecSysView.obj
         x64\Release\MainFrm.obj
         x64\Release\RecvStruct.obj
         x64\Release\stdafx.obj
         x64\Release\TrackCtrlDlg.obj
         x64\Release\TrackWnd.obj
         IRTagetRecSys.vcxproj -> C:\Users\aaa\Desktop\IRTagetRecSys20201106_final\x64\Release\IRTargetRecSys.exe
       Manifest:
         C:\Program Files (x86)\Microsoft SDKs\Windows\v7.0A\bin\mt.exe /nologo /verbose /outputresource:"C:\Users\aaa\Desktop\IRTagetRecSys20201106_final\x64\Release\IRTargetRecSys.exe;#1" /manifest x64\Release\IRTargetRecSys.exe.intermediate.manifest "C:\Program Files (x86)\Microsoft Visual Studio 10.0\VC\Include\Manifest\dpiaware.manifest"
       FinalizeBuildStatus:
         正在删除文件“x64\Release\IRTagetRecSys.unsuccessfulbuild”。
         正在对“x64\Release\IRTagetRecSys.lastbuildstate”执行 Touch 任务。
     1>已完成生成项目“C:\Users\aaa\Desktop\IRTagetRecSys20201106_final\IRTagetRecSys\IRTagetRecSys.vcxproj”(build 个目标)的操作。

生成成功。

已用时间 00:00:04.82
